2022-05-18T10:10:25+00:00 CRITICAL Uncaught Exception: Invalid data: {"data":["Array","Array","Array","Array","Array"],"element":"Array"} in D:\xampp\htdocs\wordpress\wp-content\plugins\elementor\core\base\document.php:878
Stack trace:
#0 D:\xampp\htdocs\wordpress\wp-content\plugins\astra-sites\inc\importers\batch-processing\class-astra-sites-batch-processing-elementor.php(122): Elementor\Core\Base\Document->get_elements_raw_data(Array, true)
#1 D:\xampp\htdocs\wordpress\wp-content\plugins\astra-sites\inc\importers\batch-processing\class-astra-sites-batch-processing-elementor.php(66): Elementor\TemplateLibrary\Astra_Sites_Batch_Processing_Elementor->import_single_post(2940)
#2 D:\xampp\htdocs\wordpress\wp-content\plugins\astra-sites\inc\importers\batch-processing\helpers\class-wp-background-process-astra.php(41): Elementor\TemplateLibrary\Astra_Sites_Batch_Processing_Elementor->import()
#3 D:\xampp\htdocs\wordpress\wp-content\plugins\woocommerce\includes\libraries\wp-background-process.php(301): WP_Background_Process_Astra->task(Object(Elementor\TemplateLibrary\Astra_Sites_Batch_Processing_Elementor))
#4 D:\xampp\htdocs\wordpress\wp-content\plugins\woocommerce\includes\libraries\wp-background-process.php(447): WP_Background_Process->handle()
#5 D:\xampp\htdocs\wordpress\wp-includes\class-wp-hook.php(307): WP_Background_Process->handle_cron_healthcheck()
#6 D:\xampp\htdocs\wordpress\wp-includes\class-wp-hook.php(331): WP_Hook->apply_filters('', Array)
#7 D:\xampp\htdocs\wordpress\wp-includes\plugin.php(522): WP_Hook->do_action(Array)
#8 D:\xampp\htdocs\wordpress\wp-cron.php(138): do_action_ref_array('wp_image_proces...', Array)
#9 {main}
  thrown 於 D:\xampp\htdocs\wordpress\wp-content\plugins\elementor\core\base\document.php 在 878 線上

2022-05-18T10:12:40+00:00 CRITICAL Uncaught Exception: Invalid data: {"data":["Array","Array","Array","Array","Array"],"element":"Array"} in D:\xampp\htdocs\wordpress\wp-content\plugins\elementor\core\base\document.php:878
Stack trace:
#0 D:\xampp\htdocs\wordpress\wp-content\plugins\astra-sites\inc\importers\batch-processing\class-astra-sites-batch-processing-elementor.php(122): Elementor\Core\Base\Document->get_elements_raw_data(Array, true)
#1 D:\xampp\htdocs\wordpress\wp-content\plugins\astra-sites\inc\importers\batch-processing\class-astra-sites-batch-processing-elementor.php(66): Elementor\TemplateLibrary\Astra_Sites_Batch_Processing_Elementor->import_single_post(2940)
#2 D:\xampp\htdocs\wordpress\wp-content\plugins\astra-sites\inc\importers\batch-processing\helpers\class-wp-background-process-astra.php(41): Elementor\TemplateLibrary\Astra_Sites_Batch_Processing_Elementor->import()
#3 D:\xampp\htdocs\wordpress\wp-content\plugins\woocommerce\includes\libraries\wp-background-process.php(301): WP_Background_Process_Astra->task(Object(Elementor\TemplateLibrary\Astra_Sites_Batch_Processing_Elementor))
#4 D:\xampp\htdocs\wordpress\wp-content\plugins\woocommerce\includes\libraries\wp-background-process.php(447): WP_Background_Process->handle()
#5 D:\xampp\htdocs\wordpress\wp-includes\class-wp-hook.php(307): WP_Background_Process->handle_cron_healthcheck()
#6 D:\xampp\htdocs\wordpress\wp-includes\class-wp-hook.php(331): WP_Hook->apply_filters('', Array)
#7 D:\xampp\htdocs\wordpress\wp-includes\plugin.php(522): WP_Hook->do_action(Array)
#8 D:\xampp\htdocs\wordpress\wp-cron.php(138): do_action_ref_array('wp_image_proces...', Array)
#9 {main}
  thrown 於 D:\xampp\htdocs\wordpress\wp-content\plugins\elementor\core\base\document.php 在 878 線上

2022-05-18T10:17:42+00:00 CRITICAL Uncaught Exception: Invalid data: {"data":["Array","Array","Array","Array","Array"],"element":"Array"} in D:\xampp\htdocs\wordpress\wp-content\plugins\elementor\core\base\document.php:878
Stack trace:
#0 D:\xampp\htdocs\wordpress\wp-content\plugins\astra-sites\inc\importers\batch-processing\class-astra-sites-batch-processing-elementor.php(122): Elementor\Core\Base\Document->get_elements_raw_data(Array, true)
#1 D:\xampp\htdocs\wordpress\wp-content\plugins\astra-sites\inc\importers\batch-processing\class-astra-sites-batch-processing-elementor.php(66): Elementor\TemplateLibrary\Astra_Sites_Batch_Processing_Elementor->import_single_post(2966)
#2 D:\xampp\htdocs\wordpress\wp-content\plugins\astra-sites\inc\importers\batch-processing\helpers\class-wp-background-process-astra.php(41): Elementor\TemplateLibrary\Astra_Sites_Batch_Processing_Elementor->import()
#3 D:\xampp\htdocs\wordpress\wp-content\plugins\woocommerce\includes\libraries\wp-background-process.php(301): WP_Background_Process_Astra->task(Object(Elementor\TemplateLibrary\Astra_Sites_Batch_Processing_Elementor))
#4 D:\xampp\htdocs\wordpress\wp-content\plugins\woocommerce\includes\libraries\wp-background-process.php(447): WP_Background_Process->handle()
#5 D:\xampp\htdocs\wordpress\wp-includes\class-wp-hook.php(307): WP_Background_Process->handle_cron_healthcheck()
#6 D:\xampp\htdocs\wordpress\wp-includes\class-wp-hook.php(331): WP_Hook->apply_filters('', Array)
#7 D:\xampp\htdocs\wordpress\wp-includes\plugin.php(522): WP_Hook->do_action(Array)
#8 D:\xampp\htdocs\wordpress\wp-cron.php(138): do_action_ref_array('wp_image_proces...', Array)
#9 {main}
  thrown 於 D:\xampp\htdocs\wordpress\wp-content\plugins\elementor\core\base\document.php 在 878 線上

2022-05-18T12:09:49+00:00 CRITICAL Uncaught Exception: Invalid data: {"data":["Array","Array","Array","Array","Array"],"element":"Array"} in D:\xampp\htdocs\wordpress\wp-content\plugins\elementor\core\base\document.php:878
Stack trace:
#0 D:\xampp\htdocs\wordpress\wp-content\plugins\astra-sites\inc\importers\batch-processing\class-astra-sites-batch-processing-elementor.php(122): Elementor\Core\Base\Document->get_elements_raw_data(Array, true)
#1 D:\xampp\htdocs\wordpress\wp-content\plugins\astra-sites\inc\importers\batch-processing\class-astra-sites-batch-processing-elementor.php(66): Elementor\TemplateLibrary\Astra_Sites_Batch_Processing_Elementor->import_single_post(2966)
#2 D:\xampp\htdocs\wordpress\wp-content\plugins\astra-sites\inc\importers\batch-processing\helpers\class-wp-background-process-astra.php(41): Elementor\TemplateLibrary\Astra_Sites_Batch_Processing_Elementor->import()
#3 D:\xampp\htdocs\wordpress\wp-content\plugins\woocommerce\includes\libraries\wp-background-process.php(301): WP_Background_Process_Astra->task(Object(Elementor\TemplateLibrary\Astra_Sites_Batch_Processing_Elementor))
#4 D:\xampp\htdocs\wordpress\wp-content\plugins\woocommerce\includes\libraries\wp-background-process.php(447): WP_Background_Process->handle()
#5 D:\xampp\htdocs\wordpress\wp-includes\class-wp-hook.php(307): WP_Background_Process->handle_cron_healthcheck()
#6 D:\xampp\htdocs\wordpress\wp-includes\class-wp-hook.php(331): WP_Hook->apply_filters('', Array)
#7 D:\xampp\htdocs\wordpress\wp-includes\plugin.php(522): WP_Hook->do_action(Array)
#8 D:\xampp\htdocs\wordpress\wp-cron.php(138): do_action_ref_array('wp_image_proces...', Array)
#9 {main}
  thrown 於 D:\xampp\htdocs\wordpress\wp-content\plugins\elementor\core\base\document.php 在 878 線上

